<?xml version="1.0" encoding="UTF-8"?>
<testng-results ignored="0" total="1" passed="1" failed="0" skipped="0">
  <reporter-output>
    <line>
      <![CDATA[chrome launched]]>
    </line>
  </reporter-output>
  <suite started-at="2022-09-28T17:54:38 IST" name="Scripta Test Suite" finished-at="2022-09-28T17:54:38 IST" duration-ms="0">
    <groups>
    </groups>
  </suite> <!-- Scripta Test Suite -->
  <suite started-at="2022-09-28T17:52:19 IST" name="Scripta Automated Test Suite" finished-at="2022-09-28T17:54:38 IST" duration-ms="138829">
    <groups>
      <group name="regressionTest">
        <method signature="ClientAutomatedReportingCapture2.capture(java.lang.String)[pri:1, instance:client.reporting.ClientAutomatedReportingCapture2@140c9f39]" name="capture" class="client.reporting.ClientAutomatedReportingCapture2"/>
      </group> <!-- regressionTest -->
      <group name="smokeTest">
        <method signature="ClientAutomatedReportingCapture2.capture(java.lang.String)[pri:1, instance:client.reporting.ClientAutomatedReportingCapture2@140c9f39]" name="capture" class="client.reporting.ClientAutomatedReportingCapture2"/>
      </group> <!-- smokeTest -->
    </groups>
    <test started-at="2022-09-28T17:52:19 IST" name="Scripta Test" finished-at="2022-09-28T17:54:38 IST" duration-ms="138829">
      <class name="client.reporting.ClientAutomatedReportingCapture2">
        <test-method is-config="true" signature="initialize(java.lang.String, java.lang.String)[pri:0, instance:client.reporting.ClientAutomatedReportingCapture2@140c9f39]" started-at="2022-09-28T17:51:55 IST" name="initialize" description="Initialize &amp; launch web driver" finished-at="2022-09-28T17:52:19 IST" duration-ms="24202" status="PASS">
          <params>
            <param index="0">
              <value>
                <![CDATA[chrome]]>
              </value>
            </param>
            <param index="1">
              <value>
                <![CDATA[https://tableau.scriptainsights.com/]]>
              </value>
            </param>
          </params>
          <reporter-output>
            <line>
              <![CDATA[chrome launched]]>
            </line>
          </reporter-output>
        </test-method> <!-- initialize -->
        <test-method signature="capture(java.lang.String)[pri:1, instance:client.reporting.ClientAutomatedReportingCapture2@140c9f39]" started-at="2022-09-28T17:52:19 IST" name="capture" description="Capture SS from Client Reporting on tableau server" finished-at="2022-09-28T17:54:38 IST" duration-ms="138791" status="PASS">
          <params>
            <param index="0">
              <value>
                <![CDATA[https://tableau.scriptainsights.com/]]>
              </value>
            </param>
          </params>
          <reporter-output>
          </reporter-output>
        </test-method> <!-- capture -->
        <test-method is-config="true" signature="tearDown()[pri:0, instance:client.reporting.ClientAutomatedReportingCapture2@140c9f39]" started-at="2022-09-28T17:54:38 IST" name="tearDown" description="Tear down web driver" finished-at="2022-09-28T17:54:38 IST" duration-ms="1" status="PASS">
          <reporter-output>
          </reporter-output>
        </test-method> <!-- tearDown -->
      </class> <!-- client.reporting.ClientAutomatedReportingCapture2 -->
    </test> <!-- Scripta Test -->
  </suite> <!-- Scripta Automated Test Suite -->
</testng-results>
